Performing C++ SOURCE FILE Test CMAKE_HAVE_LIBC_PTHREAD failed with the following output:
Change Dir: /transfer/Albert2022/2022/ase-assignment-AlbertTM8/CMakeFiles/CMakeTmp

Run Build Command(s):/opt/rh/gcc-toolset-11/root/usr/bin/gmake -f Makefile cmTC_5c0a0/fast && /opt/rh/gcc-toolset-11/root/usr/bin/gmake  -f CMakeFiles/cmTC_5c0a0.dir/build.make CMakeFiles/cmTC_5c0a0.dir/build
gmake[1]: Entering directory '/transfer/Albert2022/2022/ase-assignment-AlbertTM8/CMakeFiles/CMakeTmp'
Building CXX object CMakeFiles/cmTC_5c0a0.dir/src.cxx.o
/opt/rh/gcc-toolset-11/root/usr/bin/c++ -DCMAKE_HAVE_LIBC_PTHREAD   -o CMakeFiles/cmTC_5c0a0.dir/src.cxx.o -c /transfer/Albert2022/2022/ase-assignment-AlbertTM8/CMakeFiles/CMakeTmp/src.cxx
Linking CXX executable cmTC_5c0a0
/usr/bin/cmake -E cmake_link_script CMakeFiles/cmTC_5c0a0.dir/link.txt --verbose=1
/opt/rh/gcc-toolset-11/root/usr/bin/c++ CMakeFiles/cmTC_5c0a0.dir/src.cxx.o -o cmTC_5c0a0 
/opt/rh/gcc-toolset-11/root/usr/bin/ld: CMakeFiles/cmTC_5c0a0.dir/src.cxx.o: in function `main':
src.cxx:(.text+0x2d): undefined reference to `pthread_create'
/opt/rh/gcc-toolset-11/root/usr/bin/ld: src.cxx:(.text+0x39): undefined reference to `pthread_detach'
/opt/rh/gcc-toolset-11/root/usr/bin/ld: src.cxx:(.text+0x45): undefined reference to `pthread_cancel'
/opt/rh/gcc-toolset-11/root/usr/bin/ld: src.cxx:(.text+0x56): undefined reference to `pthread_join'
collect2: error: ld returned 1 exit status
gmake[1]: *** [CMakeFiles/cmTC_5c0a0.dir/build.make:99: cmTC_5c0a0] Error 1
gmake[1]: Leaving directory '/transfer/Albert2022/2022/ase-assignment-AlbertTM8/CMakeFiles/CMakeTmp'
gmake: *** [Makefile:127: cmTC_5c0a0/fast] Error 2


Source file was:
#include <pthread.h>

static void* test_func(void* data)
{
  return data;
}

int main(void)
{
  pthread_t thread;
  pthread_create(&thread, NULL, test_func, NULL);
  pthread_detach(thread);
  pthread_cancel(thread);
  pthread_join(thread, NULL);
  pthread_atfork(NULL, NULL, NULL);
  pthread_exit(NULL);

  return 0;
}

Determining if the function pthread_create exists in the pthreads failed with the following output:
Change Dir: /transfer/Albert2022/2022/ase-assignment-AlbertTM8/CMakeFiles/CMakeTmp

Run Build Command(s):/opt/rh/gcc-toolset-11/root/usr/bin/gmake -f Makefile cmTC_daae6/fast && /opt/rh/gcc-toolset-11/root/usr/bin/gmake  -f CMakeFiles/cmTC_daae6.dir/build.make CMakeFiles/cmTC_daae6.dir/build
gmake[1]: Entering directory '/transfer/Albert2022/2022/ase-assignment-AlbertTM8/CMakeFiles/CMakeTmp'
Building CXX object CMakeFiles/cmTC_daae6.dir/CheckFunctionExists.cxx.o
/opt/rh/gcc-toolset-11/root/usr/bin/c++   -DCHECK_FUNCTION_EXISTS=pthread_create -o CMakeFiles/cmTC_daae6.dir/CheckFunctionExists.cxx.o -c /transfer/Albert2022/2022/ase-assignment-AlbertTM8/CMakeFiles/CheckLibraryExists/CheckFunctionExists.cxx
Linking CXX executable cmTC_daae6
/usr/bin/cmake -E cmake_link_script CMakeFiles/cmTC_daae6.dir/link.txt --verbose=1
/opt/rh/gcc-toolset-11/root/usr/bin/c++  -DCHECK_FUNCTION_EXISTS=pthread_create CMakeFiles/cmTC_daae6.dir/CheckFunctionExists.cxx.o -o cmTC_daae6  -lpthreads 
/opt/rh/gcc-toolset-11/root/usr/bin/ld: cannot find -lpthreads
collect2: error: ld returned 1 exit status
gmake[1]: *** [CMakeFiles/cmTC_daae6.dir/build.make:99: cmTC_daae6] Error 1
gmake[1]: Leaving directory '/transfer/Albert2022/2022/ase-assignment-AlbertTM8/CMakeFiles/CMakeTmp'
gmake: *** [Makefile:127: cmTC_daae6/fast] Error 2



